Nov 07, 2018 2:23:43 PM org.eclipse.birt.data.engine.odaconsumer.Connection prepareOdaQuery
SEVERE: Failed to prepare the following query for the data set type (com.workday.bfp.data.oda.report.primaryDataSet). 
[]
org.eclipse.datatools.connectivity.oda.OdaException: There was a problem reading the Workday Schema (XSD) file, check that the Workday Schema (XSD) file is valid.
	at com.workday.bfp.data.oda.report.impl.Connection.getSchemaParser(Connection.java:551)
	at com.workday.bfp.data.oda.report.impl.Query.prepare(Query.java:100)
	at org.eclipse.datatools.connectivity.oda.consumer.helper.OdaQuery.doPrepare(OdaQuery.java:240)
	at org.eclipse.datatools.connectivity.oda.consumer.helper.OdaQuery.prepare(OdaQuery.java:187)
	at org.eclipse.birt.data.engine.odaconsumer.Connection.prepareOdaQuery(Connection.java:290)
	at org.eclipse.birt.data.engine.odaconsumer.Connection.prepareStatement(Connection.java:197)
	at org.eclipse.birt.data.engine.executor.DataSource.prepareStatement(DataSource.java:302)
	at org.eclipse.birt.data.engine.executor.DataSourceQuery.prepare(DataSourceQuery.java:296)
	at org.eclipse.birt.data.engine.impl.PreparedOdaDSQuery$OdaDSQueryExecutor.prepareOdiQuery(PreparedOdaDSQuery.java:621)
	at org.eclipse.birt.data.engine.impl.QueryExecutor.prepareExecution(QueryExecutor.java:349)
	at org.eclipse.birt.data.engine.impl.PreparedQuery.doPrepare(PreparedQuery.java:463)
	at org.eclipse.birt.data.engine.impl.PreparedDataSourceQuery.produceQueryResults(PreparedDataSourceQuery.java:190)
	at org.eclipse.birt.data.engine.impl.PreparedDataSourceQuery.execute(PreparedDataSourceQuery.java:178)
	at org.eclipse.birt.data.engine.impl.PreparedOdaDSQuery.execute(PreparedOdaDSQuery.java:179)
	at org.eclipse.birt.data.engine.impl.PreparedDataSourceQuery.execute(PreparedDataSourceQuery.java:159)
	at org.eclipse.birt.data.engine.impl.PreparedDataSourceQuery.execute(PreparedDataSourceQuery.java:142)
	at org.eclipse.birt.report.data.adapter.impl.QueryExecutionHelper.executeQuery(QueryExecutionHelper.java:138)
	at org.eclipse.birt.report.data.adapter.impl.QueryExecutionHelper.executeQuery(QueryExecutionHelper.java:120)
	at org.eclipse.birt.report.data.adapter.impl.QueryExecutionHelper.executeQuery(QueryExecutionHelper.java:104)
	at org.eclipse.birt.report.data.adapter.impl.DataSetMetaDataHelper.getRuntimeMetaData(DataSetMetaDataHelper.java:196)
	at org.eclipse.birt.report.data.adapter.impl.DataSetMetaDataHelper.getRealMetaData(DataSetMetaDataHelper.java:155)
	at org.eclipse.birt.report.data.adapter.impl.DataSetMetaDataHelper.getDataSetMetaData(DataSetMetaDataHelper.java:117)
	at org.eclipse.birt.report.data.adapter.impl.DataSetMetaDataHelper.refreshMetaData(DataSetMetaDataHelper.java:385)
	at org.eclipse.birt.report.data.adapter.impl.DataRequestSessionImpl.refreshMetaData(DataRequestSessionImpl.java:414)
	at org.eclipse.birt.report.designer.data.ui.dataset.ExternalUIUtil.updateColumnCache(ExternalUIUtil.java:109)
	at org.eclipse.birt.report.designer.data.ui.providers.DefaultDataServiceProvider.updateColumnCache(DefaultDataServiceProvider.java:139)
	at org.eclipse.birt.report.designer.internal.ui.data.DataService.updateColumnCache(DataService.java:173)
	at org.eclipse.birt.report.designer.data.ui.dataset.DataSetUIUtil.updateColumnCache(DataSetUIUtil.java:99)
	at org.eclipse.birt.report.designer.data.ui.dataset.DataSetUIUtil.updateColumnCache(DataSetUIUtil.java:52)
	at org.eclipse.birt.report.designer.data.ui.util.DTPUtil.refreshCachedMetaData(DTPUtil.java:244)
	at org.eclipse.birt.report.designer.data.ui.util.DTPUtil.updateDataSetHandle(DTPUtil.java:225)
	at org.eclipse.birt.report.designer.data.ui.dataset.PropertyPageWrapper.canLeave(PropertyPageWrapper.java:132)
	at org.eclipse.birt.report.designer.data.ui.property.AbstractPropertyDialog.showPage(AbstractPropertyDialog.java:568)
	at org.eclipse.birt.report.designer.data.ui.property.AbstractPropertyDialog.showSelectionPage(AbstractPropertyDialog.java:482)
	at org.eclipse.birt.report.designer.data.ui.dataset.DataSetEditor.showSelectionPage(DataSetEditor.java:913)
	at org.eclipse.birt.report.designer.data.ui.property.AbstractPropertyDialog$2$1.run(AbstractPropertyDialog.java:438)
	at org.eclipse.swt.custom.BusyIndicator.showWhile(BusyIndicator.java:70)
	at org.eclipse.birt.report.designer.data.ui.property.AbstractPropertyDialog$2.selectionChanged(AbstractPropertyDialog.java:433)
	at org.eclipse.jface.viewers.Viewer$1.run(Viewer.java:155)
	at org.eclipse.core.runtime.SafeRunner.run(SafeRunner.java:42)
	at org.eclipse.ui.internal.JFaceUtil.lambda$0(JFaceUtil.java:44)
	at org.eclipse.jface.util.SafeRunnable.run(SafeRunnable.java:173)
	at org.eclipse.jface.viewers.Viewer.fireSelectionChanged(Viewer.java:152)
	at org.eclipse.jface.viewers.StructuredViewer.updateSelection(StructuredViewer.java:2180)
	at org.eclipse.jface.viewers.StructuredViewer.handleSelect(StructuredViewer.java:1223)
	at org.eclipse.jface.viewers.StructuredViewer$4.widgetSelected(StructuredViewer.java:1252)
	at org.eclipse.jface.util.OpenStrategy.fireSelectionEvent(OpenStrategy.java:240)
	at org.eclipse.jface.util.OpenStrategy.access$4(OpenStrategy.java:235)
	at org.eclipse.jface.util.OpenStrategy$1.handleEvent(OpenStrategy.java:400)
	at org.eclipse.swt.widgets.EventTable.sendEvent(EventTable.java:86)
	at org.eclipse.swt.widgets.Display.sendEvent(Display.java:4428)
	at org.eclipse.swt.widgets.Widget.sendEvent(Widget.java:1079)
	at org.eclipse.swt.widgets.Display.runDeferredEvents(Display.java:4238)
	at org.eclipse.swt.widgets.Display.readAndDispatch(Display.java:3817)
	at org.eclipse.jface.window.Window.runEventLoop(Window.java:818)
	at org.eclipse.jface.window.Window.open(Window.java:794)
	at org.eclipse.birt.report.designer.ui.dialogs.BaseDialog.open(BaseDialog.java:117)
	at org.eclipse.birt.report.designer.data.ui.actions.EditDataSetAction.doAction(EditDataSetAction.java:105)
	at org.eclipse.birt.report.designer.internal.ui.views.actions.AbstractElementAction.run(AbstractElementAction.java:70)
	at org.eclipse.jface.action.Action.runWithEvent(Action.java:473)
	at org.eclipse.jface.action.ActionContributionItem.handleWidgetSelection(ActionContributionItem.java:565)
	at org.eclipse.jface.action.ActionContributionItem.lambda$4(ActionContributionItem.java:397)
	at org.eclipse.swt.widgets.EventTable.sendEvent(EventTable.java:86)
	at org.eclipse.swt.widgets.Display.sendEvent(Display.java:4428)
	at org.eclipse.swt.widgets.Widget.sendEvent(Widget.java:1079)
	at org.eclipse.swt.widgets.Display.runDeferredEvents(Display.java:4238)
	at org.eclipse.swt.widgets.Display.readAndDispatch(Display.java:3817)
	at org.eclipse.e4.ui.internal.workbench.swt.PartRenderingEngine$5.run(PartRenderingEngine.java:1150)
	at org.eclipse.core.databinding.observable.Realm.runWithDefault(Realm.java:336)
	at org.eclipse.e4.ui.internal.workbench.swt.PartRenderingEngine.run(PartRenderingEngine.java:1039)
	at org.eclipse.e4.ui.internal.workbench.E4Workbench.createAndRunUI(E4Workbench.java:153)
	at org.eclipse.ui.internal.Workbench.lambda$3(Workbench.java:680)
	at org.eclipse.core.databinding.observable.Realm.runWithDefault(Realm.java:336)
	at org.eclipse.ui.internal.Workbench.createAndRunWorkbench(Workbench.java:594)
	at org.eclipse.ui.PlatformUI.createAndRunWorkbench(PlatformUI.java:148)
	at org.eclipse.ui.internal.ide.application.IDEApplication.start(IDEApplication.java:151)
	at org.eclipse.equinox.internal.app.EclipseAppHandle.run(EclipseAppHandle.java:196)
	at org.eclipse.core.runtime.internal.adaptor.EclipseAppLauncher.runApplication(EclipseAppLauncher.java:134)
	at org.eclipse.core.runtime.internal.adaptor.EclipseAppLauncher.start(EclipseAppLauncher.java:104)
	at org.eclipse.core.runtime.adaptor.EclipseStarter.run(EclipseStarter.java:388)
	at org.eclipse.core.runtime.adaptor.EclipseStarter.run(EclipseStarter.java:243)
	at sun.reflect.NativeMethodAccessorImpl.invoke0(Native Method)
	at sun.reflect.NativeMethodAccessorImpl.invoke(NativeMethodAccessorImpl.java:62)
	at sun.reflect.DelegatingMethodAccessorImpl.invoke(DelegatingMethodAccessorImpl.java:43)
	at java.lang.reflect.Method.invoke(Method.java:498)
	at org.eclipse.equinox.launcher.Main.invokeFramework(Main.java:653)
	at org.eclipse.equinox.launcher.Main.basicRun(Main.java:590)
	at org.eclipse.equinox.launcher.Main.run(Main.java:1499)
	at org.eclipse.equinox.launcher.Main.main(Main.java:1472)

Nov 07, 2018 2:23:43 PM org.eclipse.birt.data.engine.odaconsumer.Connection prepareOdaQuery
SEVERE: Failed to prepare the following query for the data set type (com.workday.bfp.data.oda.report.primaryDataSet). 
[]
org.eclipse.datatools.connectivity.oda.OdaException: There was a problem reading the Workday Schema (XSD) file, check that the Workday Schema (XSD) file is valid.
	at com.workday.bfp.data.oda.report.impl.Connection.getSchemaParser(Connection.java:551)
	at com.workday.bfp.data.oda.report.impl.Query.prepare(Query.java:100)
	at org.eclipse.datatools.connectivity.oda.consumer.helper.OdaQuery.doPrepare(OdaQuery.java:240)
	at org.eclipse.datatools.connectivity.oda.consumer.helper.OdaQuery.prepare(OdaQuery.java:187)
	at org.eclipse.birt.data.engine.odaconsumer.Connection.prepareOdaQuery(Connection.java:290)
	at org.eclipse.birt.data.engine.odaconsumer.Connection.prepareStatement(Connection.java:197)
	at org.eclipse.birt.data.engine.executor.DataSource.prepareStatement(DataSource.java:302)
	at org.eclipse.birt.data.engine.executor.DataSourceQuery.prepare(DataSourceQuery.java:296)
	at org.eclipse.birt.data.engine.impl.PreparedOdaDSQuery$OdaDSQueryExecutor.prepareOdiQuery(PreparedOdaDSQuery.java:621)
	at org.eclipse.birt.data.engine.impl.QueryExecutor.prepareExecution(QueryExecutor.java:349)
	at org.eclipse.birt.data.engine.impl.PreparedQuery.doPrepare(PreparedQuery.java:463)
	at org.eclipse.birt.data.engine.impl.PreparedDataSourceQuery.produceQueryResults(PreparedDataSourceQuery.java:190)
	at org.eclipse.birt.data.engine.impl.PreparedDataSourceQuery.execute(PreparedDataSourceQuery.java:178)
	at org.eclipse.birt.data.engine.impl.PreparedOdaDSQuery.execute(PreparedOdaDSQuery.java:179)
	at org.eclipse.birt.data.engine.impl.PreparedDataSourceQuery.execute(PreparedDataSourceQuery.java:159)
	at org.eclipse.birt.data.engine.impl.PreparedDataSourceQuery.execute(PreparedDataSourceQuery.java:142)
	at org.eclipse.birt.report.data.adapter.impl.QueryExecutionHelper.executeQuery(QueryExecutionHelper.java:138)
	at org.eclipse.birt.report.data.adapter.impl.QueryExecutionHelper.executeQuery(QueryExecutionHelper.java:120)
	at org.eclipse.birt.report.data.adapter.impl.QueryExecutionHelper.executeQuery(QueryExecutionHelper.java:104)
	at org.eclipse.birt.report.data.adapter.impl.DataSetMetaDataHelper.getRuntimeMetaData(DataSetMetaDataHelper.java:196)
	at org.eclipse.birt.report.data.adapter.impl.DataSetMetaDataHelper.getRealMetaData(DataSetMetaDataHelper.java:155)
	at org.eclipse.birt.report.data.adapter.impl.DataSetMetaDataHelper.getDataSetMetaData(DataSetMetaDataHelper.java:117)
	at org.eclipse.birt.report.data.adapter.impl.DataRequestSessionImpl.getDataSetMetaData(DataRequestSessionImpl.java:243)
	at org.eclipse.birt.report.designer.data.ui.util.DataSetProvider.populateAllOutputColumns(DataSetProvider.java:221)
	at org.eclipse.birt.report.designer.data.ui.util.DataSetProvider.getColumns(DataSetProvider.java:177)
	at org.eclipse.birt.report.designer.data.ui.dataset.DataSetEditor$ItemModelManager.getCurrentItemModel(DataSetEditor.java:1095)
	at org.eclipse.birt.report.designer.data.ui.dataset.DataSetEditor.getCurrentItemModel(DataSetEditor.java:635)
	at org.eclipse.birt.report.designer.data.ui.dataset.DataSetComputedColumnsPage.refreshColumnNames(DataSetComputedColumnsPage.java:310)
	at org.eclipse.birt.report.designer.data.ui.dataset.DataSetComputedColumnsPage.pageActivated(DataSetComputedColumnsPage.java:287)
	at org.eclipse.birt.report.designer.data.ui.property.AbstractPropertyDialog.showPage(AbstractPropertyDialog.java:588)
	at org.eclipse.birt.report.designer.data.ui.property.AbstractPropertyDialog.showSelectionPage(AbstractPropertyDialog.java:482)
	at org.eclipse.birt.report.designer.data.ui.dataset.DataSetEditor.showSelectionPage(DataSetEditor.java:913)
	at org.eclipse.birt.report.designer.data.ui.property.AbstractPropertyDialog$2$1.run(AbstractPropertyDialog.java:438)
	at org.eclipse.swt.custom.BusyIndicator.showWhile(BusyIndicator.java:70)
	at org.eclipse.birt.report.designer.data.ui.property.AbstractPropertyDialog$2.selectionChanged(AbstractPropertyDialog.java:433)
	at org.eclipse.jface.viewers.Viewer$1.run(Viewer.java:155)
	at org.eclipse.core.runtime.SafeRunner.run(SafeRunner.java:42)
	at org.eclipse.ui.internal.JFaceUtil.lambda$0(JFaceUtil.java:44)
	at org.eclipse.jface.util.SafeRunnable.run(SafeRunnable.java:173)
	at org.eclipse.jface.viewers.Viewer.fireSelectionChanged(Viewer.java:152)
	at org.eclipse.jface.viewers.StructuredViewer.updateSelection(StructuredViewer.java:2180)
	at org.eclipse.jface.viewers.StructuredViewer.handleSelect(StructuredViewer.java:1223)
	at org.eclipse.jface.viewers.StructuredViewer$4.widgetSelected(StructuredViewer.java:1252)
	at org.eclipse.jface.util.OpenStrategy.fireSelectionEvent(OpenStrategy.java:240)
	at org.eclipse.jface.util.OpenStrategy.access$4(OpenStrategy.java:235)
	at org.eclipse.jface.util.OpenStrategy$1.handleEvent(OpenStrategy.java:400)
	at org.eclipse.swt.widgets.EventTable.sendEvent(EventTable.java:86)
	at org.eclipse.swt.widgets.Display.sendEvent(Display.java:4428)
	at org.eclipse.swt.widgets.Widget.sendEvent(Widget.java:1079)
	at org.eclipse.swt.widgets.Display.runDeferredEvents(Display.java:4238)
	at org.eclipse.swt.widgets.Display.readAndDispatch(Display.java:3817)
	at org.eclipse.jface.window.Window.runEventLoop(Window.java:818)
	at org.eclipse.jface.window.Window.open(Window.java:794)
	at org.eclipse.birt.report.designer.ui.dialogs.BaseDialog.open(BaseDialog.java:117)
	at org.eclipse.birt.report.designer.data.ui.actions.EditDataSetAction.doAction(EditDataSetAction.java:105)
	at org.eclipse.birt.report.designer.internal.ui.views.actions.AbstractElementAction.run(AbstractElementAction.java:70)
	at org.eclipse.jface.action.Action.runWithEvent(Action.java:473)
	at org.eclipse.jface.action.ActionContributionItem.handleWidgetSelection(ActionContributionItem.java:565)
	at org.eclipse.jface.action.ActionContributionItem.lambda$4(ActionContributionItem.java:397)
	at org.eclipse.swt.widgets.EventTable.sendEvent(EventTable.java:86)
	at org.eclipse.swt.widgets.Display.sendEvent(Display.java:4428)
	at org.eclipse.swt.widgets.Widget.sendEvent(Widget.java:1079)
	at org.eclipse.swt.widgets.Display.runDeferredEvents(Display.java:4238)
	at org.eclipse.swt.widgets.Display.readAndDispatch(Display.java:3817)
	at org.eclipse.e4.ui.internal.workbench.swt.PartRenderingEngine$5.run(PartRenderingEngine.java:1150)
	at org.eclipse.core.databinding.observable.Realm.runWithDefault(Realm.java:336)
	at org.eclipse.e4.ui.internal.workbench.swt.PartRenderingEngine.run(PartRenderingEngine.java:1039)
	at org.eclipse.e4.ui.internal.workbench.E4Workbench.createAndRunUI(E4Workbench.java:153)
	at org.eclipse.ui.internal.Workbench.lambda$3(Workbench.java:680)
	at org.eclipse.core.databinding.observable.Realm.runWithDefault(Realm.java:336)
	at org.eclipse.ui.internal.Workbench.createAndRunWorkbench(Workbench.java:594)
	at org.eclipse.ui.PlatformUI.createAndRunWorkbench(PlatformUI.java:148)
	at org.eclipse.ui.internal.ide.application.IDEApplication.start(IDEApplication.java:151)
	at org.eclipse.equinox.internal.app.EclipseAppHandle.run(EclipseAppHandle.java:196)
	at org.eclipse.core.runtime.internal.adaptor.EclipseAppLauncher.runApplication(EclipseAppLauncher.java:134)
	at org.eclipse.core.runtime.internal.adaptor.EclipseAppLauncher.start(EclipseAppLauncher.java:104)
	at org.eclipse.core.runtime.adaptor.EclipseStarter.run(EclipseStarter.java:388)
	at org.eclipse.core.runtime.adaptor.EclipseStarter.run(EclipseStarter.java:243)
	at sun.reflect.NativeMethodAccessorImpl.invoke0(Native Method)
	at sun.reflect.NativeMethodAccessorImpl.invoke(NativeMethodAccessorImpl.java:62)
	at sun.reflect.DelegatingMethodAccessorImpl.invoke(DelegatingMethodAccessorImpl.java:43)
	at java.lang.reflect.Method.invoke(Method.java:498)
	at org.eclipse.equinox.launcher.Main.invokeFramework(Main.java:653)
	at org.eclipse.equinox.launcher.Main.basicRun(Main.java:590)
	at org.eclipse.equinox.launcher.Main.run(Main.java:1499)
	at org.eclipse.equinox.launcher.Main.main(Main.java:1472)

Nov 07, 2018 2:23:45 PM org.eclipse.birt.data.engine.odaconsumer.Connection prepareOdaQuery
SEVERE: Failed to prepare the following query for the data set type (com.workday.bfp.data.oda.report.primaryDataSet). 
[]
org.eclipse.datatools.connectivity.oda.OdaException: There was a problem reading the Workday Schema (XSD) file, check that the Workday Schema (XSD) file is valid.
	at com.workday.bfp.data.oda.report.impl.Connection.getSchemaParser(Connection.java:551)
	at com.workday.bfp.data.oda.report.impl.Query.prepare(Query.java:100)
	at org.eclipse.datatools.connectivity.oda.consumer.helper.OdaQuery.doPrepare(OdaQuery.java:240)
	at org.eclipse.datatools.connectivity.oda.consumer.helper.OdaQuery.prepare(OdaQuery.java:187)
	at org.eclipse.birt.data.engine.odaconsumer.Connection.prepareOdaQuery(Connection.java:290)
	at org.eclipse.birt.data.engine.odaconsumer.Connection.prepareStatement(Connection.java:197)
	at org.eclipse.birt.data.engine.executor.DataSource.prepareStatement(DataSource.java:302)
	at org.eclipse.birt.data.engine.executor.DataSourceQuery.prepare(DataSourceQuery.java:296)
	at org.eclipse.birt.data.engine.impl.PreparedOdaDSQuery$OdaDSQueryExecutor.prepareOdiQuery(PreparedOdaDSQuery.java:621)
	at org.eclipse.birt.data.engine.impl.QueryExecutor.prepareExecution(QueryExecutor.java:349)
	at org.eclipse.birt.data.engine.impl.PreparedQuery.doPrepare(PreparedQuery.java:463)
	at org.eclipse.birt.data.engine.impl.PreparedDataSourceQuery.produceQueryResults(PreparedDataSourceQuery.java:190)
	at org.eclipse.birt.data.engine.impl.PreparedDataSourceQuery.execute(PreparedDataSourceQuery.java:178)
	at org.eclipse.birt.data.engine.impl.PreparedOdaDSQuery.execute(PreparedOdaDSQuery.java:179)
	at org.eclipse.birt.data.engine.impl.PreparedDataSourceQuery.execute(PreparedDataSourceQuery.java:159)
	at org.eclipse.birt.data.engine.impl.PreparedDataSourceQuery.execute(PreparedDataSourceQuery.java:142)
	at org.eclipse.birt.report.data.adapter.impl.QueryExecutionHelper.executeQuery(QueryExecutionHelper.java:138)
	at org.eclipse.birt.report.data.adapter.impl.QueryExecutionHelper.executeQuery(QueryExecutionHelper.java:120)
	at org.eclipse.birt.report.data.adapter.impl.QueryExecutionHelper.executeQuery(QueryExecutionHelper.java:104)
	at org.eclipse.birt.report.data.adapter.impl.DataSetMetaDataHelper.getRuntimeMetaData(DataSetMetaDataHelper.java:196)
	at org.eclipse.birt.report.data.adapter.impl.DataSetMetaDataHelper.getRealMetaData(DataSetMetaDataHelper.java:155)
	at org.eclipse.birt.report.data.adapter.impl.DataSetMetaDataHelper.getDataSetMetaData(DataSetMetaDataHelper.java:117)
	at org.eclipse.birt.report.data.adapter.impl.DataSetMetaDataHelper.refreshMetaData(DataSetMetaDataHelper.java:385)
	at org.eclipse.birt.report.data.adapter.impl.DataRequestSessionImpl.refreshMetaData(DataRequestSessionImpl.java:414)
	at org.eclipse.birt.report.designer.data.ui.dataset.ExternalUIUtil.updateColumnCache(ExternalUIUtil.java:109)
	at org.eclipse.birt.report.designer.data.ui.providers.DefaultDataServiceProvider.updateColumnCache(DefaultDataServiceProvider.java:139)
	at org.eclipse.birt.report.designer.internal.ui.data.DataService.updateColumnCache(DataService.java:173)
	at org.eclipse.birt.report.designer.data.ui.dataset.DataSetUIUtil.updateColumnCache(DataSetUIUtil.java:99)
	at org.eclipse.birt.report.designer.data.ui.dataset.DataSetUIUtil.updateColumnCache(DataSetUIUtil.java:52)
	at org.eclipse.birt.report.designer.data.ui.dataset.DataSetComputedColumnsPage.updateColumnCache(DataSetComputedColumnsPage.java:467)
	at org.eclipse.birt.report.designer.data.ui.dataset.DataSetComputedColumnsPage.canLeave(DataSetComputedColumnsPage.java:783)
	at org.eclipse.birt.report.designer.data.ui.property.AbstractPropertyDialog.showPage(AbstractPropertyDialog.java:568)
	at org.eclipse.birt.report.designer.data.ui.property.AbstractPropertyDialog.showSelectionPage(AbstractPropertyDialog.java:482)
	at org.eclipse.birt.report.designer.data.ui.dataset.DataSetEditor.showSelectionPage(DataSetEditor.java:913)
	at org.eclipse.birt.report.designer.data.ui.property.AbstractPropertyDialog$2$1.run(AbstractPropertyDialog.java:438)
	at org.eclipse.swt.custom.BusyIndicator.showWhile(BusyIndicator.java:70)
	at org.eclipse.birt.report.designer.data.ui.property.AbstractPropertyDialog$2.selectionChanged(AbstractPropertyDialog.java:433)
	at org.eclipse.jface.viewers.Viewer$1.run(Viewer.java:155)
	at org.eclipse.core.runtime.SafeRunner.run(SafeRunner.java:42)
	at org.eclipse.ui.internal.JFaceUtil.lambda$0(JFaceUtil.java:44)
	at org.eclipse.jface.util.SafeRunnable.run(SafeRunnable.java:173)
	at org.eclipse.jface.viewers.Viewer.fireSelectionChanged(Viewer.java:152)
	at org.eclipse.jface.viewers.StructuredViewer.updateSelection(StructuredViewer.java:2180)
	at org.eclipse.jface.viewers.StructuredViewer.handleSelect(StructuredViewer.java:1223)
	at org.eclipse.jface.viewers.StructuredViewer$4.widgetSelected(StructuredViewer.java:1252)
	at org.eclipse.jface.util.OpenStrategy.fireSelectionEvent(OpenStrategy.java:240)
	at org.eclipse.jface.util.OpenStrategy.access$4(OpenStrategy.java:235)
	at org.eclipse.jface.util.OpenStrategy$1.handleEvent(OpenStrategy.java:400)
	at org.eclipse.swt.widgets.EventTable.sendEvent(EventTable.java:86)
	at org.eclipse.swt.widgets.Display.sendEvent(Display.java:4428)
	at org.eclipse.swt.widgets.Widget.sendEvent(Widget.java:1079)
	at org.eclipse.swt.widgets.Display.runDeferredEvents(Display.java:4238)
	at org.eclipse.swt.widgets.Display.readAndDispatch(Display.java:3817)
	at org.eclipse.jface.window.Window.runEventLoop(Window.java:818)
	at org.eclipse.jface.window.Window.open(Window.java:794)
	at org.eclipse.birt.report.designer.ui.dialogs.BaseDialog.open(BaseDialog.java:117)
	at org.eclipse.birt.report.designer.data.ui.actions.EditDataSetAction.doAction(EditDataSetAction.java:105)
	at org.eclipse.birt.report.designer.internal.ui.views.actions.AbstractElementAction.run(AbstractElementAction.java:70)
	at org.eclipse.jface.action.Action.runWithEvent(Action.java:473)
	at org.eclipse.jface.action.ActionContributionItem.handleWidgetSelection(ActionContributionItem.java:565)
	at org.eclipse.jface.action.ActionContributionItem.lambda$4(ActionContributionItem.java:397)
	at org.eclipse.swt.widgets.EventTable.sendEvent(EventTable.java:86)
	at org.eclipse.swt.widgets.Display.sendEvent(Display.java:4428)
	at org.eclipse.swt.widgets.Widget.sendEvent(Widget.java:1079)
	at org.eclipse.swt.widgets.Display.runDeferredEvents(Display.java:4238)
	at org.eclipse.swt.widgets.Display.readAndDispatch(Display.java:3817)
	at org.eclipse.e4.ui.internal.workbench.swt.PartRenderingEngine$5.run(PartRenderingEngine.java:1150)
	at org.eclipse.core.databinding.observable.Realm.runWithDefault(Realm.java:336)
	at org.eclipse.e4.ui.internal.workbench.swt.PartRenderingEngine.run(PartRenderingEngine.java:1039)
	at org.eclipse.e4.ui.internal.workbench.E4Workbench.createAndRunUI(E4Workbench.java:153)
	at org.eclipse.ui.internal.Workbench.lambda$3(Workbench.java:680)
	at org.eclipse.core.databinding.observable.Realm.runWithDefault(Realm.java:336)
	at org.eclipse.ui.internal.Workbench.createAndRunWorkbench(Workbench.java:594)
	at org.eclipse.ui.PlatformUI.createAndRunWorkbench(PlatformUI.java:148)
	at org.eclipse.ui.internal.ide.application.IDEApplication.start(IDEApplication.java:151)
	at org.eclipse.equinox.internal.app.EclipseAppHandle.run(EclipseAppHandle.java:196)
	at org.eclipse.core.runtime.internal.adaptor.EclipseAppLauncher.runApplication(EclipseAppLauncher.java:134)
	at org.eclipse.core.runtime.internal.adaptor.EclipseAppLauncher.start(EclipseAppLauncher.java:104)
	at org.eclipse.core.runtime.adaptor.EclipseStarter.run(EclipseStarter.java:388)
	at org.eclipse.core.runtime.adaptor.EclipseStarter.run(EclipseStarter.java:243)
	at sun.reflect.NativeMethodAccessorImpl.invoke0(Native Method)
	at sun.reflect.NativeMethodAccessorImpl.invoke(NativeMethodAccessorImpl.java:62)
	at sun.reflect.DelegatingMethodAccessorImpl.invoke(DelegatingMethodAccessorImpl.java:43)
	at java.lang.reflect.Method.invoke(Method.java:498)
	at org.eclipse.equinox.launcher.Main.invokeFramework(Main.java:653)
	at org.eclipse.equinox.launcher.Main.basicRun(Main.java:590)
	at org.eclipse.equinox.launcher.Main.run(Main.java:1499)
	at org.eclipse.equinox.launcher.Main.main(Main.java:1472)

Nov 07, 2018 2:23:45 PM org.eclipse.birt.data.engine.odaconsumer.Connection prepareOdaQuery
SEVERE: Failed to prepare the following query for the data set type (com.workday.bfp.data.oda.report.primaryDataSet). 
[]
org.eclipse.datatools.connectivity.oda.OdaException: There was a problem reading the Workday Schema (XSD) file, check that the Workday Schema (XSD) file is valid.
	at com.workday.bfp.data.oda.report.impl.Connection.getSchemaParser(Connection.java:551)
	at com.workday.bfp.data.oda.report.impl.Query.prepare(Query.java:100)
	at org.eclipse.datatools.connectivity.oda.consumer.helper.OdaQuery.doPrepare(OdaQuery.java:240)
	at org.eclipse.datatools.connectivity.oda.consumer.helper.OdaQuery.prepare(OdaQuery.java:187)
	at org.eclipse.birt.data.engine.odaconsumer.Connection.prepareOdaQuery(Connection.java:290)
	at org.eclipse.birt.data.engine.odaconsumer.Connection.prepareStatement(Connection.java:197)
	at org.eclipse.birt.data.engine.executor.DataSource.prepareStatement(DataSource.java:302)
	at org.eclipse.birt.data.engine.executor.DataSourceQuery.prepare(DataSourceQuery.java:296)
	at org.eclipse.birt.data.engine.impl.PreparedOdaDSQuery$OdaDSQueryExecutor.prepareOdiQuery(PreparedOdaDSQuery.java:621)
	at org.eclipse.birt.data.engine.impl.QueryExecutor.prepareExecution(QueryExecutor.java:349)
	at org.eclipse.birt.data.engine.impl.PreparedQuery.doPrepare(PreparedQuery.java:463)
	at org.eclipse.birt.data.engine.impl.PreparedDataSourceQuery.produceQueryResults(PreparedDataSourceQuery.java:190)
	at org.eclipse.birt.data.engine.impl.PreparedDataSourceQuery.execute(PreparedDataSourceQuery.java:178)
	at org.eclipse.birt.data.engine.impl.PreparedOdaDSQuery.execute(PreparedOdaDSQuery.java:179)
	at org.eclipse.birt.data.engine.impl.PreparedDataSourceQuery.execute(PreparedDataSourceQuery.java:159)
	at org.eclipse.birt.data.engine.impl.PreparedDataSourceQuery.execute(PreparedDataSourceQuery.java:142)
	at org.eclipse.birt.report.data.adapter.impl.QueryExecutionHelper.executeQuery(QueryExecutionHelper.java:138)
	at org.eclipse.birt.report.data.adapter.impl.QueryExecutionHelper.executeQuery(QueryExecutionHelper.java:120)
	at org.eclipse.birt.report.data.adapter.impl.QueryExecutionHelper.executeQuery(QueryExecutionHelper.java:104)
	at org.eclipse.birt.report.data.adapter.impl.DataSetMetaDataHelper.getRuntimeMetaData(DataSetMetaDataHelper.java:196)
	at org.eclipse.birt.report.data.adapter.impl.DataSetMetaDataHelper.getRealMetaData(DataSetMetaDataHelper.java:155)
	at org.eclipse.birt.report.data.adapter.impl.DataSetMetaDataHelper.getDataSetMetaData(DataSetMetaDataHelper.java:117)
	at org.eclipse.birt.report.data.adapter.impl.DataRequestSessionImpl.getDataSetMetaData(DataRequestSessionImpl.java:243)
	at org.eclipse.birt.report.designer.data.ui.util.DataSetProvider.populateAllOutputColumns(DataSetProvider.java:221)
	at org.eclipse.birt.report.designer.data.ui.dataset.OutputColumnsPage.populateOutputColums(OutputColumnsPage.java:430)
	at org.eclipse.birt.report.designer.data.ui.dataset.OutputColumnsPage.updateOutputColumns(OutputColumnsPage.java:374)
	at org.eclipse.birt.report.designer.data.ui.dataset.OutputColumnsPage.pageActivated(OutputColumnsPage.java:245)
	at org.eclipse.birt.report.designer.data.ui.property.AbstractPropertyDialog.showPage(AbstractPropertyDialog.java:588)
	at org.eclipse.birt.report.designer.data.ui.property.AbstractPropertyDialog.showSelectionPage(AbstractPropertyDialog.java:482)
	at org.eclipse.birt.report.designer.data.ui.dataset.DataSetEditor.showSelectionPage(DataSetEditor.java:913)
	at org.eclipse.birt.report.designer.data.ui.property.AbstractPropertyDialog$2$1.run(AbstractPropertyDialog.java:438)
	at org.eclipse.swt.custom.BusyIndicator.showWhile(BusyIndicator.java:70)
	at org.eclipse.birt.report.designer.data.ui.property.AbstractPropertyDialog$2.selectionChanged(AbstractPropertyDialog.java:433)
	at org.eclipse.jface.viewers.Viewer$1.run(Viewer.java:155)
	at org.eclipse.core.runtime.SafeRunner.run(SafeRunner.java:42)
	at org.eclipse.ui.internal.JFaceUtil.lambda$0(JFaceUtil.java:44)
	at org.eclipse.jface.util.SafeRunnable.run(SafeRunnable.java:173)
	at org.eclipse.jface.viewers.Viewer.fireSelectionChanged(Viewer.java:152)
	at org.eclipse.jface.viewers.StructuredViewer.updateSelection(StructuredViewer.java:2180)
	at org.eclipse.jface.viewers.StructuredViewer.handleSelect(StructuredViewer.java:1223)
	at org.eclipse.jface.viewers.StructuredViewer$4.widgetSelected(StructuredViewer.java:1252)
	at org.eclipse.jface.util.OpenStrategy.fireSelectionEvent(OpenStrategy.java:240)
	at org.eclipse.jface.util.OpenStrategy.access$4(OpenStrategy.java:235)
	at org.eclipse.jface.util.OpenStrategy$1.handleEvent(OpenStrategy.java:400)
	at org.eclipse.swt.widgets.EventTable.sendEvent(EventTable.java:86)
	at org.eclipse.swt.widgets.Display.sendEvent(Display.java:4428)
	at org.eclipse.swt.widgets.Widget.sendEvent(Widget.java:1079)
	at org.eclipse.swt.widgets.Display.runDeferredEvents(Display.java:4238)
	at org.eclipse.swt.widgets.Display.readAndDispatch(Display.java:3817)
	at org.eclipse.jface.window.Window.runEventLoop(Window.java:818)
	at org.eclipse.jface.window.Window.open(Window.java:794)
	at org.eclipse.birt.report.designer.ui.dialogs.BaseDialog.open(BaseDialog.java:117)
	at org.eclipse.birt.report.designer.data.ui.actions.EditDataSetAction.doAction(EditDataSetAction.java:105)
	at org.eclipse.birt.report.designer.internal.ui.views.actions.AbstractElementAction.run(AbstractElementAction.java:70)
	at org.eclipse.jface.action.Action.runWithEvent(Action.java:473)
	at org.eclipse.jface.action.ActionContributionItem.handleWidgetSelection(ActionContributionItem.java:565)
	at org.eclipse.jface.action.ActionContributionItem.lambda$4(ActionContributionItem.java:397)
	at org.eclipse.swt.widgets.EventTable.sendEvent(EventTable.java:86)
	at org.eclipse.swt.widgets.Display.sendEvent(Display.java:4428)
	at org.eclipse.swt.widgets.Widget.sendEvent(Widget.java:1079)
	at org.eclipse.swt.widgets.Display.runDeferredEvents(Display.java:4238)
	at org.eclipse.swt.widgets.Display.readAndDispatch(Display.java:3817)
	at org.eclipse.e4.ui.internal.workbench.swt.PartRenderingEngine$5.run(PartRenderingEngine.java:1150)
	at org.eclipse.core.databinding.observable.Realm.runWithDefault(Realm.java:336)
	at org.eclipse.e4.ui.internal.workbench.swt.PartRenderingEngine.run(PartRenderingEngine.java:1039)
	at org.eclipse.e4.ui.internal.workbench.E4Workbench.createAndRunUI(E4Workbench.java:153)
	at org.eclipse.ui.internal.Workbench.lambda$3(Workbench.java:680)
	at org.eclipse.core.databinding.observable.Realm.runWithDefault(Realm.java:336)
	at org.eclipse.ui.internal.Workbench.createAndRunWorkbench(Workbench.java:594)
	at org.eclipse.ui.PlatformUI.createAndRunWorkbench(PlatformUI.java:148)
	at org.eclipse.ui.internal.ide.application.IDEApplication.start(IDEApplication.java:151)
	at org.eclipse.equinox.internal.app.EclipseAppHandle.run(EclipseAppHandle.java:196)
	at org.eclipse.core.runtime.internal.adaptor.EclipseAppLauncher.runApplication(EclipseAppLauncher.java:134)
	at org.eclipse.core.runtime.internal.adaptor.EclipseAppLauncher.start(EclipseAppLauncher.java:104)
	at org.eclipse.core.runtime.adaptor.EclipseStarter.run(EclipseStarter.java:388)
	at org.eclipse.core.runtime.adaptor.EclipseStarter.run(EclipseStarter.java:243)
	at sun.reflect.NativeMethodAccessorImpl.invoke0(Native Method)
	at sun.reflect.NativeMethodAccessorImpl.invoke(NativeMethodAccessorImpl.java:62)
	at sun.reflect.DelegatingMethodAccessorImpl.invoke(DelegatingMethodAccessorImpl.java:43)
	at java.lang.reflect.Method.invoke(Method.java:498)
	at org.eclipse.equinox.launcher.Main.invokeFramework(Main.java:653)
	at org.eclipse.equinox.launcher.Main.basicRun(Main.java:590)
	at org.eclipse.equinox.launcher.Main.run(Main.java:1499)
	at org.eclipse.equinox.launcher.Main.main(Main.java:1472)

Nov 07, 2018 2:23:49 PM org.eclipse.birt.report.designer.data.ui.util.DTPUtil isSessionOk
WARNING: Invalid design response from the custom ODA page. ODA design session response status: Error.
Nov 07, 2018 2:24:46 PM org.eclipse.birt.report.designer.data.ui.util.DTPUtil isSessionOk
WARNING: Invalid design response from the custom ODA page. ODA design session response status: Error.
Nov 07, 2018 2:26:03 PM org.eclipse.birt.report.designer.data.ui.util.DTPUtil isSessionOk
WARNING: Invalid design response from the custom ODA page. ODA design session response status: Error.
Nov 07, 2018 2:28:11 PM org.eclipse.birt.data.engine.odaconsumer.Connection prepareOdaQuery
SEVERE: Failed to prepare the following query for the data set type (com.workday.bfp.data.oda.report.primaryDataSet). 
[]
org.eclipse.datatools.connectivity.oda.OdaException: There was a problem reading the Workday Schema (XSD) file, check that the Workday Schema (XSD) file is valid.
	at com.workday.bfp.data.oda.report.impl.Connection.getSchemaParser(Connection.java:551)
	at com.workday.bfp.data.oda.report.impl.Query.prepare(Query.java:100)
	at org.eclipse.datatools.connectivity.oda.consumer.helper.OdaQuery.doPrepare(OdaQuery.java:240)
	at org.eclipse.datatools.connectivity.oda.consumer.helper.OdaQuery.prepare(OdaQuery.java:187)
	at org.eclipse.birt.data.engine.odaconsumer.Connection.prepareOdaQuery(Connection.java:290)
	at org.eclipse.birt.data.engine.odaconsumer.Connection.prepareStatement(Connection.java:197)
	at org.eclipse.birt.data.engine.executor.DataSource.prepareStatement(DataSource.java:302)
	at org.eclipse.birt.data.engine.executor.DataSourceQuery.prepare(DataSourceQuery.java:296)
	at org.eclipse.birt.data.engine.impl.PreparedOdaDSQuery$OdaDSQueryExecutor.prepareOdiQuery(PreparedOdaDSQuery.java:621)
	at org.eclipse.birt.data.engine.impl.QueryExecutor.prepareExecution(QueryExecutor.java:349)
	at org.eclipse.birt.data.engine.impl.PreparedQuery.doPrepare(PreparedQuery.java:463)
	at org.eclipse.birt.data.engine.impl.PreparedDataSourceQuery.produceQueryResults(PreparedDataSourceQuery.java:190)
	at org.eclipse.birt.data.engine.impl.PreparedDataSourceQuery.execute(PreparedDataSourceQuery.java:178)
	at org.eclipse.birt.data.engine.impl.PreparedOdaDSQuery.execute(PreparedOdaDSQuery.java:179)
	at org.eclipse.birt.data.engine.impl.PreparedDataSourceQuery.execute(PreparedDataSourceQuery.java:159)
	at org.eclipse.birt.data.engine.impl.PreparedDataSourceQuery.execute(PreparedDataSourceQuery.java:142)
	at org.eclipse.birt.report.data.adapter.impl.QueryExecutionHelper.executeQuery(QueryExecutionHelper.java:138)
	at org.eclipse.birt.report.data.adapter.impl.QueryExecutionHelper.executeQuery(QueryExecutionHelper.java:120)
	at org.eclipse.birt.report.data.adapter.impl.QueryExecutionHelper.executeQuery(QueryExecutionHelper.java:104)
	at org.eclipse.birt.report.data.adapter.impl.DataSetMetaDataHelper.getRuntimeMetaData(DataSetMetaDataHelper.java:196)
	at org.eclipse.birt.report.data.adapter.impl.DataSetMetaDataHelper.getRealMetaData(DataSetMetaDataHelper.java:155)
	at org.eclipse.birt.report.data.adapter.impl.DataSetMetaDataHelper.getDataSetMetaData(DataSetMetaDataHelper.java:117)
	at org.eclipse.birt.report.data.adapter.impl.DataSetMetaDataHelper.refreshMetaData(DataSetMetaDataHelper.java:385)
	at org.eclipse.birt.report.data.adapter.impl.DataRequestSessionImpl.refreshMetaData(DataRequestSessionImpl.java:414)
	at org.eclipse.birt.report.designer.data.ui.dataset.ExternalUIUtil.updateColumnCache(ExternalUIUtil.java:109)
	at org.eclipse.birt.report.designer.data.ui.providers.DefaultDataServiceProvider.updateColumnCache(DefaultDataServiceProvider.java:139)
	at org.eclipse.birt.report.designer.internal.ui.data.DataService.updateColumnCache(DataService.java:173)
	at org.eclipse.birt.report.designer.data.ui.dataset.DataSetUIUtil.updateColumnCache(DataSetUIUtil.java:99)
	at org.eclipse.birt.report.designer.data.ui.dataset.DataSetUIUtil.updateColumnCache(DataSetUIUtil.java:52)
	at org.eclipse.birt.report.designer.data.ui.util.DTPUtil.refreshCachedMetaData(DTPUtil.java:244)
	at org.eclipse.birt.report.designer.data.ui.util.DTPUtil.updateDataSetHandle(DTPUtil.java:225)
	at org.eclipse.birt.report.designer.data.ui.dataset.PropertyPageWrapper.canLeave(PropertyPageWrapper.java:132)
	at org.eclipse.birt.report.designer.data.ui.dataset.PropertyPageWrapper.performOk(PropertyPageWrapper.java:101)
	at org.eclipse.birt.report.designer.data.ui.property.AbstractPropertyDialog.okPressed(AbstractPropertyDialog.java:790)
	at org.eclipse.birt.report.designer.data.ui.property.AbstractPropertyDialog.okPressed(AbstractPropertyDialog.java:775)
	at org.eclipse.birt.report.designer.data.ui.dataset.DataSetEditor.okPressed(DataSetEditor.java:683)
	at org.eclipse.birt.report.designer.data.ui.property.AbstractPropertyDialog.buttonPressed(AbstractPropertyDialog.java:650)
	at org.eclipse.jface.dialogs.Dialog.lambda$0(Dialog.java:619)
	at org.eclipse.swt.events.SelectionListener$1.widgetSelected(SelectionListener.java:81)
	at org.eclipse.swt.widgets.TypedListener.handleEvent(TypedListener.java:249)
	at org.eclipse.swt.widgets.EventTable.sendEvent(EventTable.java:86)
	at org.eclipse.swt.widgets.Display.sendEvent(Display.java:4428)
	at org.eclipse.swt.widgets.Widget.sendEvent(Widget.java:1079)
	at org.eclipse.swt.widgets.Display.runDeferredEvents(Display.java:4238)
	at org.eclipse.swt.widgets.Display.readAndDispatch(Display.java:3817)
	at org.eclipse.jface.window.Window.runEventLoop(Window.java:818)
	at org.eclipse.jface.window.Window.open(Window.java:794)
	at org.eclipse.birt.report.designer.ui.dialogs.BaseDialog.open(BaseDialog.java:117)
	at org.eclipse.birt.report.designer.data.ui.actions.EditDataSetAction.doAction(EditDataSetAction.java:105)
	at org.eclipse.birt.report.designer.internal.ui.views.actions.AbstractElementAction.run(AbstractElementAction.java:70)
	at org.eclipse.jface.action.Action.runWithEvent(Action.java:473)
	at org.eclipse.jface.action.ActionContributionItem.handleWidgetSelection(ActionContributionItem.java:565)
	at org.eclipse.jface.action.ActionContributionItem.lambda$4(ActionContributionItem.java:397)
	at org.eclipse.swt.widgets.EventTable.sendEvent(EventTable.java:86)
	at org.eclipse.swt.widgets.Display.sendEvent(Display.java:4428)
	at org.eclipse.swt.widgets.Widget.sendEvent(Widget.java:1079)
	at org.eclipse.swt.widgets.Display.runDeferredEvents(Display.java:4238)
	at org.eclipse.swt.widgets.Display.readAndDispatch(Display.java:3817)
	at org.eclipse.e4.ui.internal.workbench.swt.PartRenderingEngine$5.run(PartRenderingEngine.java:1150)
	at org.eclipse.core.databinding.observable.Realm.runWithDefault(Realm.java:336)
	at org.eclipse.e4.ui.internal.workbench.swt.PartRenderingEngine.run(PartRenderingEngine.java:1039)
	at org.eclipse.e4.ui.internal.workbench.E4Workbench.createAndRunUI(E4Workbench.java:153)
	at org.eclipse.ui.internal.Workbench.lambda$3(Workbench.java:680)
	at org.eclipse.core.databinding.observable.Realm.runWithDefault(Realm.java:336)
	at org.eclipse.ui.internal.Workbench.createAndRunWorkbench(Workbench.java:594)
	at org.eclipse.ui.PlatformUI.createAndRunWorkbench(PlatformUI.java:148)
	at org.eclipse.ui.internal.ide.application.IDEApplication.start(IDEApplication.java:151)
	at org.eclipse.equinox.internal.app.EclipseAppHandle.run(EclipseAppHandle.java:196)
	at org.eclipse.core.runtime.internal.adaptor.EclipseAppLauncher.runApplication(EclipseAppLauncher.java:134)
	at org.eclipse.core.runtime.internal.adaptor.EclipseAppLauncher.start(EclipseAppLauncher.java:104)
	at org.eclipse.core.runtime.adaptor.EclipseStarter.run(EclipseStarter.java:388)
	at org.eclipse.core.runtime.adaptor.EclipseStarter.run(EclipseStarter.java:243)
	at sun.reflect.NativeMethodAccessorImpl.invoke0(Native Method)
	at sun.reflect.NativeMethodAccessorImpl.invoke(NativeMethodAccessorImpl.java:62)
	at sun.reflect.DelegatingMethodAccessorImpl.invoke(DelegatingMethodAccessorImpl.java:43)
	at java.lang.reflect.Method.invoke(Method.java:498)
	at org.eclipse.equinox.launcher.Main.invokeFramework(Main.java:653)
	at org.eclipse.equinox.launcher.Main.basicRun(Main.java:590)
	at org.eclipse.equinox.launcher.Main.run(Main.java:1499)
	at org.eclipse.equinox.launcher.Main.main(Main.java:1472)

Nov 07, 2018 2:28:11 PM org.eclipse.birt.data.engine.odaconsumer.Connection prepareOdaQuery
SEVERE: Failed to prepare the following query for the data set type (com.workday.bfp.data.oda.report.primaryDataSet). 
[]
org.eclipse.datatools.connectivity.oda.OdaException: There was a problem reading the Workday Schema (XSD) file, check that the Workday Schema (XSD) file is valid.
	at com.workday.bfp.data.oda.report.impl.Connection.getSchemaParser(Connection.java:551)
	at com.workday.bfp.data.oda.report.impl.Query.prepare(Query.java:100)
	at org.eclipse.datatools.connectivity.oda.consumer.helper.OdaQuery.doPrepare(OdaQuery.java:240)
	at org.eclipse.datatools.connectivity.oda.consumer.helper.OdaQuery.prepare(OdaQuery.java:187)
	at org.eclipse.birt.data.engine.odaconsumer.Connection.prepareOdaQuery(Connection.java:290)
	at org.eclipse.birt.data.engine.odaconsumer.Connection.prepareStatement(Connection.java:197)
	at org.eclipse.birt.data.engine.executor.DataSource.prepareStatement(DataSource.java:302)
	at org.eclipse.birt.data.engine.executor.DataSourceQuery.prepare(DataSourceQuery.java:296)
	at org.eclipse.birt.data.engine.impl.PreparedOdaDSQuery$OdaDSQueryExecutor.prepareOdiQuery(PreparedOdaDSQuery.java:621)
	at org.eclipse.birt.data.engine.impl.QueryExecutor.prepareExecution(QueryExecutor.java:349)
	at org.eclipse.birt.data.engine.impl.PreparedQuery.doPrepare(PreparedQuery.java:463)
	at org.eclipse.birt.data.engine.impl.PreparedDataSourceQuery.produceQueryResults(PreparedDataSourceQuery.java:190)
	at org.eclipse.birt.data.engine.impl.PreparedDataSourceQuery.execute(PreparedDataSourceQuery.java:178)
	at org.eclipse.birt.data.engine.impl.PreparedOdaDSQuery.execute(PreparedOdaDSQuery.java:179)
	at org.eclipse.birt.data.engine.impl.PreparedDataSourceQuery.execute(PreparedDataSourceQuery.java:159)
	at org.eclipse.birt.data.engine.impl.PreparedDataSourceQuery.execute(PreparedDataSourceQuery.java:142)
	at org.eclipse.birt.report.data.adapter.impl.QueryExecutionHelper.executeQuery(QueryExecutionHelper.java:138)
	at org.eclipse.birt.report.data.adapter.impl.QueryExecutionHelper.executeQuery(QueryExecutionHelper.java:120)
	at org.eclipse.birt.report.data.adapter.impl.QueryExecutionHelper.executeQuery(QueryExecutionHelper.java:104)
	at org.eclipse.birt.report.data.adapter.impl.DataSetMetaDataHelper.getRuntimeMetaData(DataSetMetaDataHelper.java:196)
	at org.eclipse.birt.report.data.adapter.impl.DataSetMetaDataHelper.getRealMetaData(DataSetMetaDataHelper.java:155)
	at org.eclipse.birt.report.data.adapter.impl.DataSetMetaDataHelper.getDataSetMetaData(DataSetMetaDataHelper.java:117)
	at org.eclipse.birt.report.data.adapter.impl.DataRequestSessionImpl.getDataSetMetaData(DataRequestSessionImpl.java:243)
	at org.eclipse.birt.report.designer.data.ui.util.DataSetProvider.populateAllOutputColumns(DataSetProvider.java:221)
	at org.eclipse.birt.report.designer.data.ui.util.DataSetProvider.getColumns(DataSetProvider.java:177)
	at org.eclipse.birt.report.designer.data.ui.util.DataSetProvider.getColumns(DataSetProvider.java:144)
	at org.eclipse.birt.report.designer.data.ui.dataset.OutputColumnsPage.setAnalysisTypeForColumn(OutputColumnsPage.java:604)
	at org.eclipse.birt.report.designer.data.ui.dataset.OutputColumnsPage.performOk(OutputColumnsPage.java:326)
	at org.eclipse.birt.report.designer.data.ui.property.AbstractPropertyDialog.okPressed(AbstractPropertyDialog.java:790)
	at org.eclipse.birt.report.designer.data.ui.property.AbstractPropertyDialog.okPressed(AbstractPropertyDialog.java:775)
	at org.eclipse.birt.report.designer.data.ui.dataset.DataSetEditor.okPressed(DataSetEditor.java:683)
	at org.eclipse.birt.report.designer.data.ui.property.AbstractPropertyDialog.buttonPressed(AbstractPropertyDialog.java:650)
	at org.eclipse.jface.dialogs.Dialog.lambda$0(Dialog.java:619)
	at org.eclipse.swt.events.SelectionListener$1.widgetSelected(SelectionListener.java:81)
	at org.eclipse.swt.widgets.TypedListener.handleEvent(TypedListener.java:249)
	at org.eclipse.swt.widgets.EventTable.sendEvent(EventTable.java:86)
	at org.eclipse.swt.widgets.Display.sendEvent(Display.java:4428)
	at org.eclipse.swt.widgets.Widget.sendEvent(Widget.java:1079)
	at org.eclipse.swt.widgets.Display.runDeferredEvents(Display.java:4238)
	at org.eclipse.swt.widgets.Display.readAndDispatch(Display.java:3817)
	at org.eclipse.jface.window.Window.runEventLoop(Window.java:818)
	at org.eclipse.jface.window.Window.open(Window.java:794)
	at org.eclipse.birt.report.designer.ui.dialogs.BaseDialog.open(BaseDialog.java:117)
	at org.eclipse.birt.report.designer.data.ui.actions.EditDataSetAction.doAction(EditDataSetAction.java:105)
	at org.eclipse.birt.report.designer.internal.ui.views.actions.AbstractElementAction.run(AbstractElementAction.java:70)
	at org.eclipse.jface.action.Action.runWithEvent(Action.java:473)
	at org.eclipse.jface.action.ActionContributionItem.handleWidgetSelection(ActionContributionItem.java:565)
	at org.eclipse.jface.action.ActionContributionItem.lambda$4(ActionContributionItem.java:397)
	at org.eclipse.swt.widgets.EventTable.sendEvent(EventTable.java:86)
	at org.eclipse.swt.widgets.Display.sendEvent(Display.java:4428)
	at org.eclipse.swt.widgets.Widget.sendEvent(Widget.java:1079)
	at org.eclipse.swt.widgets.Display.runDeferredEvents(Display.java:4238)
	at org.eclipse.swt.widgets.Display.readAndDispatch(Display.java:3817)
	at org.eclipse.e4.ui.internal.workbench.swt.PartRenderingEngine$5.run(PartRenderingEngine.java:1150)
	at org.eclipse.core.databinding.observable.Realm.runWithDefault(Realm.java:336)
	at org.eclipse.e4.ui.internal.workbench.swt.PartRenderingEngine.run(PartRenderingEngine.java:1039)
	at org.eclipse.e4.ui.internal.workbench.E4Workbench.createAndRunUI(E4Workbench.java:153)
	at org.eclipse.ui.internal.Workbench.lambda$3(Workbench.java:680)
	at org.eclipse.core.databinding.observable.Realm.runWithDefault(Realm.java:336)
	at org.eclipse.ui.internal.Workbench.createAndRunWorkbench(Workbench.java:594)
	at org.eclipse.ui.PlatformUI.createAndRunWorkbench(PlatformUI.java:148)
	at org.eclipse.ui.internal.ide.application.IDEApplication.start(IDEApplication.java:151)
	at org.eclipse.equinox.internal.app.EclipseAppHandle.run(EclipseAppHandle.java:196)
	at org.eclipse.core.runtime.internal.adaptor.EclipseAppLauncher.runApplication(EclipseAppLauncher.java:134)
	at org.eclipse.core.runtime.internal.adaptor.EclipseAppLauncher.start(EclipseAppLauncher.java:104)
	at org.eclipse.core.runtime.adaptor.EclipseStarter.run(EclipseStarter.java:388)
	at org.eclipse.core.runtime.adaptor.EclipseStarter.run(EclipseStarter.java:243)
	at sun.reflect.NativeMethodAccessorImpl.invoke0(Native Method)
	at sun.reflect.NativeMethodAccessorImpl.invoke(NativeMethodAccessorImpl.java:62)
	at sun.reflect.DelegatingMethodAccessorImpl.invoke(DelegatingMethodAccessorImpl.java:43)
	at java.lang.reflect.Method.invoke(Method.java:498)
	at org.eclipse.equinox.launcher.Main.invokeFramework(Main.java:653)
	at org.eclipse.equinox.launcher.Main.basicRun(Main.java:590)
	at org.eclipse.equinox.launcher.Main.run(Main.java:1499)
	at org.eclipse.equinox.launcher.Main.main(Main.java:1472)

